<?xml version="1.0" encoding="UTF-8"?>
<!-- Generated by org.testng.reporters.JUnitReportReporter -->
<testsuite skipped="0" hostname="JAGAN" name="packageOne.ClassThree" tests="1" failures="0" timestamp="09 Aug 2017 05:09:44 GMT" time="0.000" errors="0">
  <testcase name="testthree" time="0.000" classname="packageOne.ClassThree"/>
</testsuite> <!-- packageOne.ClassThree -->
