<?xml version="1.0" encoding="UTF-8"?>
<!-- Generated by org.testng.reporters.JUnitReportReporter -->
<testsuite skipped="0" hostname="JAGAN" name="packageOne.ClassThree" tests="1" failures="0" timestamp="06 Aug 2017 10:40:58 GMT" time="0.005" errors="0">
  <testcase name="testthree" time="0.005" classname="packageOne.ClassThree"/>
</testsuite> <!-- packageOne.ClassThree -->
