<?xml version="1.0" encoding="UTF-8"?>
<!-- Generated by org.testng.reporters.JUnitReportReporter -->
<testsuite skipped="0" hostname="JAGAN" name="packageOne.ClassTwo" tests="1" failures="0" timestamp="06 Aug 2017 10:40:58 GMT" time="0.003" errors="0">
  <testcase name="testtwo" time="0.003" classname="packageOne.ClassTwo"/>
</testsuite> <!-- packageOne.ClassTwo -->
